<?xml version="1.0" encoding="UTF-8"?>
<!-- Generated by org.testng.reporters.JUnitXMLReporter -->
<testsuite ignored="0" hostname="LAPTOP-7CQPOEEU" failures="4" tests="10" name="edgetest" time="90.521" errors="0" timestamp="2024-09-02T13:35:05 IST">
  <testcase classname="testCases.TC01_AccountRegistrationTest" name="verify_account_registeration" time="1.684"/>
  <testcase classname="testCases.TC02_VerifyCheckout" name="verify_checkout" time="0.391"/>
  <testcase classname="testCases.TC03_IphoneCart" name="verify_checkout_Iphone" time="4.047"/>
  <testcase classname="testCases.TC04_VerifyLogin" name="VerifyLogin" time="4.533"/>
  <testcase classname="testCases.TC05_LoginDataDrivernTest" name="LoginDataDrivernTest" time="8.897">
    <failure type="java.lang.AssertionError" message="null">
      <![CDATA[java.lang.AssertionError: null
at testCases.TC05_LoginDataDrivernTest.LoginDataDrivernTest(TC05_LoginDataDrivernTest.java:76)
at java.base/java.util.ArrayList.forEach(ArrayList.java:1511)
... Removed 29 stack frames]]>
    </failure>
  </testcase> <!-- LoginDataDrivernTest -->
  <testcase classname="testCases.TC05_LoginDataDrivernTest" name="LoginDataDrivernTest" time="4.446"/>
  <testcase classname="testCases.TC05_LoginDataDrivernTest" name="LoginDataDrivernTest" time="4.332"/>
  <testcase classname="testCases.TC05_LoginDataDrivernTest" name="LoginDataDrivernTest" time="8.797">
    <failure type="java.lang.AssertionError" message="null">
      <![CDATA[java.lang.AssertionError: null
at testCases.TC05_LoginDataDrivernTest.LoginDataDrivernTest(TC05_LoginDataDrivernTest.java:76)
at java.base/java.util.ArrayList.forEach(ArrayList.java:1511)
... Removed 29 stack frames]]>
    </failure>
  </testcase> <!-- LoginDataDrivernTest -->
  <testcase classname="testCases.TC05_LoginDataDrivernTest" name="LoginDataDrivernTest" time="8.938">
    <failure type="java.lang.AssertionError" message="null">
      <![CDATA[java.lang.AssertionError: null
at testCases.TC05_LoginDataDrivernTest.LoginDataDrivernTest(TC05_LoginDataDrivernTest.java:76)
at java.base/java.util.ArrayList.forEach(ArrayList.java:1511)
... Removed 29 stack frames]]>
    </failure>
  </testcase> <!-- LoginDataDrivernTest -->
  <testcase classname="testCases.TC05_LoginDataDrivernTest" name="LoginDataDrivernTest" time="8.981">
    <failure type="java.lang.AssertionError" message="null">
      <![CDATA[java.lang.AssertionError: null
at testCases.TC05_LoginDataDrivernTest.LoginDataDrivernTest(TC05_LoginDataDrivernTest.java:76)
at java.base/java.util.ArrayList.forEach(ArrayList.java:1511)
... Removed 29 stack frames]]>
    </failure>
  </testcase> <!-- LoginDataDrivernTest -->
</testsuite> <!-- edgetest -->
